This is pdfeTeX, Version 3.141592-1.21a-2.2 (MiKTeX 2.4) (preloaded format=latex 2007.2.9)  5 SEP 2008 13:14
entering extended mode
**sdcMicroPaper.tex
(sdcMicroPaper.tex
LaTeX2e <2003/12/01>
Babel <v3.8g> and hyphenation patterns for english, dumylang, nohyphenation, ge
rman, ngerman, french, loaded.
(C:\texmf\tex\latex\base\article.cls
Document Class: article 2004/02/16 v1.4f Standard LaTeX document class
(C:\texmf\tex\latex\base\size12.clo
File: size12.clo 2004/02/16 v1.4f Standard LaTeX file (size option)
)
\c@part=\count79
\c@section=\count80
\c@subsection=\count81
\c@subsubsection=\count82
\c@paragraph=\count83
\c@subparagraph=\count84
\c@figure=\count85
\c@table=\count86
\abovecaptionskip=\skip41
\belowcaptionskip=\skip42
\bibindent=\dimen102
)

! LaTeX Error: File `a4.sty' not found.

Type X to quit or <RETURN> to proceed,
or enter new name. (Default extension: sty)

Enter file name: 
C:\texmf\tex\latex\base\article.cls:5: Emergency stop
*** (cannot \read from terminal in nonstop modes)

 
Here is how much of TeX's memory you used:
 208 strings out of 95515
 2034 string characters out of 1189490
 46026 words of memory out of 1049809
 3389 multiletter control sequences out of 60000
 3938 words of font info for 15 fonts, out of 1000000 for 2000
 14 hyphenation exceptions out of 8191
 22i,0n,19p,179b,36s stack positions out of 5000i,500n,10000p,200000b,32768s
PDF statistics:
 0 PDF objects out of 300000
 0 named destinations out of 300000
 1 words of extra memory for PDF output out of 65536
No pages of output.
